# JRE version: OpenJDK Runtime Environment Temurin-21.0.8+9 (21.0.8+9) (build 21.0.8+9-LTS)
# Java VM: OpenJDK 64-Bit Server VM Temurin-21.0.8+9 (21.0.8+9-LTS, mixed mode, sharing, tiered, compressed oops, compressed class ptrs, parallel gc, windows-amd64)
GC Precious Log:
 CardTable entry size: 512
 CPUs: 16 total, 16 available
 Memory: 6005M
 Large Page Support: Disabled
 NUMA Support: Disabled
 Compressed Oops: Enabled (32-bit)
 Alignments: Space 512K, Generation 512K, Heap 2M
 Heap Min Capacity: 100M
 Heap Initial Capacity: 100M
 Heap Max Capacity: 2G
 Pre-touch: Disabled
 Parallel Workers: 13
Heap:
 PSYoungGen      total 8192K, used 5688K [0x00000000d5580000, 0x00000000d6000000, 0x0000000100000000)
  eden space 7168K, 67% used [0x00000000d5580000,0x00000000d5a3df60,0x00000000d5c80000)
  from space 1024K, 81% used [0x00000000d5f00000,0x00000000d5fd0428,0x00000000d6000000)
  to   space 1536K, 0% used [0x00000000d5d00000,0x00000000d5d00000,0x00000000d5e80000)
 ParOldGen       total 528896K, used 193301K [0x0000000080000000, 0x00000000a0480000, 0x00000000d5580000)
  object space 528896K, 36% used [0x0000000080000000,0x000000008bcc5528,0x00000000a0480000)
 Metaspace       used 84867K, committed 86464K, reserved 1179648K
  class space    used 8596K, committed 9344K, reserved 1048576K
GC Heap History (20 events):
Event: 751.402 GC heap before
{Heap before GC invocations=911 (full 5):
 PSYoungGen      total 11776K, used 11665K [0x00000000d5580000, 0x00000000d6380000, 0x0000000100000000)
  eden space 10240K, 100% used [0x00000000d5580000,0x00000000d5f80000,0x00000000d5f80000)
  from space 1536K, 92% used [0x00000000d5f80000,0x00000000d60e44b8,0x00000000d6100000)
  to   space 2048K, 0% used [0x00000000d6180000,0x00000000d6180000,0x00000000d6380000)
 ParOldGen       total 528896K, used 179759K [0x0000000080000000, 0x00000000a0480000, 0x00000000d5580000)
  object space 528896K, 33% used [0x0000000080000000,0x000000008af8bcc0,0x00000000a0480000)
 Metaspace       used 84764K, committed 86400K, reserved 1179648K
  class space    used 8588K, committed 9344K, reserved 1048576K
}
Event: 751.409 GC heap after
{Heap after GC invocations=911 (full 5):
 PSYoungGen      total 10752K, used 2035K [0x00000000d5580000, 0x00000000d6680000, 0x0000000100000000)
  eden space 8704K, 0% used [0x00000000d5580000,0x00000000d5580000,0x00000000d5e00000)
  from space 2048K, 99% used [0x00000000d6180000,0x00000000d637cfe0,0x00000000d6380000)
  to   space 3584K, 0% used [0x00000000d5e00000,0x00000000d5e00000,0x00000000d6180000)
 ParOldGen       total 528896K, used 180973K [0x0000000080000000, 0x00000000a0480000, 0x00000000d5580000)
  object space 528896K, 34% used [0x0000000080000000,0x000000008b0bb470,0x00000000a0480000)
 Metaspace       used 84764K, committed 86400K, reserved 1179648K
  class space    used 8588K, committed 9344K, reserved 1048576K
}
Event: 751.874 GC heap before
{Heap before GC invocations=912 (full 5):
 PSYoungGen      total 10752K, used 10739K [0x00000000d5580000, 0x00000000d6680000, 0x0000000100000000)
  eden space 8704K, 100% used [0x00000000d5580000,0x00000000d5e00000,0x00000000d5e00000)
  from space 2048K, 99% used [0x00000000d6180000,0x00000000d637cfe0,0x00000000d6380000)
  to   space 3584K, 0% used [0x00000000d5e00000,0x00000000d5e00000,0x00000000d6180000)
 ParOldGen       total 528896K, used 180973K [0x0000000080000000, 0x00000000a0480000, 0x00000000d5580000)
  object space 528896K, 34% used [0x0000000080000000,0x000000008b0bb470,0x00000000a0480000)
 Metaspace       used 84779K, committed 86400K, reserved 1179648K
  class space    used 8588K, committed 9344K, reserved 1048576K
}
Event: 751.889 GC heap after
{Heap after GC invocations=912 (full 5):
 PSYoungGen      total 10240K, used 1123K [0x00000000d5580000, 0x00000000d6200000, 0x0000000100000000)
  eden space 8704K, 0% used [0x00000000d5580000,0x00000000d5580000,0x00000000d5e00000)
  from space 1536K, 73% used [0x00000000d5e00000,0x00000000d5f18e90,0x00000000d5f80000)
  to   space 2048K, 0% used [0x00000000d6000000,0x00000000d6000000,0x00000000d6200000)
 ParOldGen       total 528896K, used 183055K [0x0000000080000000, 0x00000000a0480000, 0x00000000d5580000)
  object space 528896K, 34% used [0x0000000080000000,0x000000008b2c3d48,0x00000000a0480000)
 Metaspace       used 84779K, committed 86400K, reserved 1179648K
  class space    used 8588K, committed 9344K, reserved 1048576K
}
Event: 752.243 GC heap before
{Heap before GC invocations=913 (full 5):
 PSYoungGen      total 10240K, used 9827K [0x00000000d5580000, 0x00000000d6200000, 0x0000000100000000)
  eden space 8704K, 99% used [0x00000000d5580000,0x00000000d5dfffe8,0x00000000d5e00000)
  from space 1536K, 73% used [0x00000000d5e00000,0x00000000d5f18e90,0x00000000d5f80000)
  to   space 2048K, 0% used [0x00000000d6000000,0x00000000d6000000,0x00000000d6200000)
 ParOldGen       total 528896K, used 183055K [0x0000000080000000, 0x00000000a0480000, 0x00000000d5580000)
  object space 528896K, 34% used [0x0000000080000000,0x000000008b2c3d48,0x00000000a0480000)
 Metaspace       used 84815K, committed 86464K, reserved 1179648K
  class space    used 8596K, committed 9344K, reserved 1048576K
}
Event: 752.251 GC heap after
{Heap after GC invocations=913 (full 5):
 PSYoungGen      total 9216K, used 2018K [0x00000000d5580000, 0x00000000d6500000, 0x0000000100000000)
  eden space 7168K, 0% used [0x00000000d5580000,0x00000000d5580000,0x00000000d5c80000)
  from space 2048K, 98% used [0x00000000d6000000,0x00000000d61f8a88,0x00000000d6200000)
  to   space 3584K, 0% used [0x00000000d5c80000,0x00000000d5c80000,0x00000000d6000000)
 ParOldGen       total 528896K, used 184001K [0x0000000080000000, 0x00000000a0480000, 0x00000000d5580000)
  object space 528896K, 34% used [0x0000000080000000,0x000000008b3b0550,0x00000000a0480000)
 Metaspace       used 84815K, committed 86464K, reserved 1179648K
  class space    used 8596K, committed 9344K, reserved 1048576K
}
Event: 752.318 GC heap before
{Heap before GC invocations=914 (full 5):
 PSYoungGen      total 9216K, used 9186K [0x00000000d5580000, 0x00000000d6500000, 0x0000000100000000)
  eden space 7168K, 100% used [0x00000000d5580000,0x00000000d5c80000,0x00000000d5c80000)
  from space 2048K, 98% used [0x00000000d6000000,0x00000000d61f8a88,0x00000000d6200000)
  to   space 3584K, 0% used [0x00000000d5c80000,0x00000000d5c80000,0x00000000d6000000)
 ParOldGen       total 528896K, used 184001K [0x0000000080000000, 0x00000000a0480000, 0x00000000d5580000)
  object space 528896K, 34% used [0x0000000080000000,0x000000008b3b0550,0x00000000a0480000)
 Metaspace       used 84834K, committed 86464K, reserved 1179648K
  class space    used 8596K, committed 9344K, reserved 1048576K
}
Event: 752.330 GC heap after
{Heap after GC invocations=914 (full 5):
 PSYoungGen      total 8192K, used 865K [0x00000000d5580000, 0x00000000d6080000, 0x0000000100000000)
  eden space 7168K, 0% used [0x00000000d5580000,0x00000000d5580000,0x00000000d5c80000)
  from space 1024K, 84% used [0x00000000d5c80000,0x00000000d5d58428,0x00000000d5d80000)
  to   space 2048K, 0% used [0x00000000d5e80000,0x00000000d5e80000,0x00000000d6080000)
 ParOldGen       total 528896K, used 185395K [0x0000000080000000, 0x00000000a0480000, 0x00000000d5580000)
  object space 528896K, 35% used [0x0000000080000000,0x000000008b50cd48,0x00000000a0480000)
 Metaspace       used 84834K, committed 86464K, reserved 1179648K
  class space    used 8596K, committed 9344K, reserved 1048576K
}
Event: 752.414 GC heap before
{Heap before GC invocations=915 (full 5):
 PSYoungGen      total 8192K, used 8033K [0x00000000d5580000, 0x00000000d6080000, 0x0000000100000000)
  eden space 7168K, 100% used [0x00000000d5580000,0x00000000d5c80000,0x00000000d5c80000)
  from space 1024K, 84% used [0x00000000d5c80000,0x00000000d5d58428,0x00000000d5d80000)
  to   space 2048K, 0% used [0x00000000d5e80000,0x00000000d5e80000,0x00000000d6080000)
 ParOldGen       total 528896K, used 185395K [0x0000000080000000, 0x00000000a0480000, 0x00000000d5580000)
  object space 528896K, 35% used [0x0000000080000000,0x000000008b50cd48,0x00000000a0480000)
 Metaspace       used 84834K, committed 86464K, reserved 1179648K
  class space    used 8596K, committed 9344K, reserved 1048576K
}
Event: 752.416 GC heap after
{Heap after GC invocations=915 (full 5):
 PSYoungGen      total 9216K, used 1655K [0x00000000d5580000, 0x00000000d6080000, 0x0000000100000000)
  eden space 7168K, 0% used [0x00000000d5580000,0x00000000d5580000,0x00000000d5c80000)
  from space 2048K, 80% used [0x00000000d5e80000,0x00000000d601dfc0,0x00000000d6080000)
  to   space 2048K, 0% used [0x00000000d5c80000,0x00000000d5c80000,0x00000000d5e80000)
 ParOldGen       total 528896K, used 185459K [0x0000000080000000, 0x00000000a0480000, 0x00000000d5580000)
  object space 528896K, 35% used [0x0000000080000000,0x000000008b51cd48,0x00000000a0480000)
 Metaspace       used 84834K, committed 86464K, reserved 1179648K
  class space    used 8596K, committed 9344K, reserved 1048576K
}
Event: 752.452 GC heap before
{Heap before GC invocations=916 (full 5):
 PSYoungGen      total 9216K, used 8823K [0x00000000d5580000, 0x00000000d6080000, 0x0000000100000000)
  eden space 7168K, 100% used [0x00000000d5580000,0x00000000d5c80000,0x00000000d5c80000)
  from space 2048K, 80% used [0x00000000d5e80000,0x00000000d601dfc0,0x00000000d6080000)
  to   space 2048K, 0% used [0x00000000d5c80000,0x00000000d5c80000,0x00000000d5e80000)
 ParOldGen       total 528896K, used 185459K [0x0000000080000000, 0x00000000a0480000, 0x00000000d5580000)
  object space 528896K, 35% used [0x0000000080000000,0x000000008b51cd48,0x00000000a0480000)
 Metaspace       used 84834K, committed 86464K, reserved 1179648K
  class space    used 8596K, committed 9344K, reserved 1048576K
}
Event: 752.454 GC heap after
{Heap after GC invocations=916 (full 5):
 PSYoungGen      total 8192K, used 1024K [0x00000000d5580000, 0x00000000d5f80000, 0x0000000100000000)
  eden space 7168K, 0% used [0x00000000d5580000,0x00000000d5580000,0x00000000d5c80000)
  from space 1024K, 100% used [0x00000000d5c80000,0x00000000d5d80000,0x00000000d5d80000)
  to   space 1536K, 0% used [0x00000000d5e00000,0x00000000d5e00000,0x00000000d5f80000)
 ParOldGen       total 528896K, used 185555K [0x0000000080000000, 0x00000000a0480000, 0x00000000d5580000)
  object space 528896K, 35% used [0x0000000080000000,0x000000008b534d48,0x00000000a0480000)
 Metaspace       used 84834K, committed 86464K, reserved 1179648K
  class space    used 8596K, committed 9344K, reserved 1048576K
}
Event: 752.501 GC heap before
{Heap before GC invocations=917 (full 5):
 PSYoungGen      total 8192K, used 8192K [0x00000000d5580000, 0x00000000d5f80000, 0x0000000100000000)
  eden space 7168K, 100% used [0x00000000d5580000,0x00000000d5c80000,0x00000000d5c80000)
  from space 1024K, 100% used [0x00000000d5c80000,0x00000000d5d80000,0x00000000d5d80000)
  to   space 1536K, 0% used [0x00000000d5e00000,0x00000000d5e00000,0x00000000d5f80000)
 ParOldGen       total 528896K, used 185555K [0x0000000080000000, 0x00000000a0480000, 0x00000000d5580000)
  object space 528896K, 35% used [0x0000000080000000,0x000000008b534d48,0x00000000a0480000)
 Metaspace       used 84842K, committed 86464K, reserved 1179648K
  class space    used 8596K, committed 9344K, reserved 1048576K
}
Event: 752.528 GC heap after
{Heap after GC invocations=917 (full 5):
 PSYoungGen      total 8704K, used 1124K [0x00000000d5580000, 0x00000000d5f80000, 0x0000000100000000)
  eden space 7168K, 0% used [0x00000000d5580000,0x00000000d5580000,0x00000000d5c80000)
  from space 1536K, 73% used [0x00000000d5e00000,0x00000000d5f19020,0x00000000d5f80000)
  to   space 1536K, 0% used [0x00000000d5c80000,0x00000000d5c80000,0x00000000d5e00000)
 ParOldGen       total 528896K, used 187226K [0x0000000080000000, 0x00000000a0480000, 0x00000000d5580000)
  object space 528896K, 35% used [0x0000000080000000,0x000000008b6d68d0,0x00000000a0480000)
 Metaspace       used 84842K, committed 86464K, reserved 1179648K
  class space    used 8596K, committed 9344K, reserved 1048576K
}
Event: 753.447 GC heap before
{Heap before GC invocations=918 (full 5):
 PSYoungGen      total 8704K, used 8292K [0x00000000d5580000, 0x00000000d5f80000, 0x0000000100000000)
  eden space 7168K, 100% used [0x00000000d5580000,0x00000000d5c80000,0x00000000d5c80000)
  from space 1536K, 73% used [0x00000000d5e00000,0x00000000d5f19020,0x00000000d5f80000)
  to   space 1536K, 0% used [0x00000000d5c80000,0x00000000d5c80000,0x00000000d5e00000)
 ParOldGen       total 528896K, used 187226K [0x0000000080000000, 0x00000000a0480000, 0x00000000d5580000)
  object space 528896K, 35% used [0x0000000080000000,0x000000008b6d68d0,0x00000000a0480000)
 Metaspace       used 84852K, committed 86464K, reserved 1179648K
  class space    used 8596K, committed 9344K, reserved 1048576K
}
Event: 753.465 GC heap after
{Heap after GC invocations=918 (full 5):
 PSYoungGen      total 8704K, used 1520K [0x00000000d5580000, 0x00000000d6580000, 0x0000000100000000)
  eden space 7168K, 0% used [0x00000000d5580000,0x00000000d5580000,0x00000000d5c80000)
  from space 1536K, 98% used [0x00000000d5c80000,0x00000000d5dfc0e0,0x00000000d5e00000)
  to   space 4608K, 0% used [0x00000000d6100000,0x00000000d6100000,0x00000000d6580000)
 ParOldGen       total 528896K, used 189594K [0x0000000080000000, 0x00000000a0480000, 0x00000000d5580000)
  object space 528896K, 35% used [0x0000000080000000,0x000000008b9268d0,0x00000000a0480000)
 Metaspace       used 84852K, committed 86464K, reserved 1179648K
  class space    used 8596K, committed 9344K, reserved 1048576K
}
Event: 753.539 GC heap before
{Heap before GC invocations=919 (full 5):
 PSYoungGen      total 8704K, used 8637K [0x00000000d5580000, 0x00000000d6580000, 0x0000000100000000)
  eden space 7168K, 99% used [0x00000000d5580000,0x00000000d5c73648,0x00000000d5c80000)
  from space 1536K, 98% used [0x00000000d5c80000,0x00000000d5dfc0e0,0x00000000d5e00000)
  to   space 4608K, 0% used [0x00000000d6100000,0x00000000d6100000,0x00000000d6580000)
 ParOldGen       total 528896K, used 189594K [0x0000000080000000, 0x00000000a0480000, 0x00000000d5580000)
  object space 528896K, 35% used [0x0000000080000000,0x000000008b9268d0,0x00000000a0480000)
 Metaspace       used 84852K, committed 86464K, reserved 1179648K
  class space    used 8596K, committed 9344K, reserved 1048576K
}
Event: 753.543 GC heap after
{Heap after GC invocations=919 (full 5):
 PSYoungGen      total 11264K, used 3753K [0x00000000d5580000, 0x00000000d6500000, 0x0000000100000000)
  eden space 7168K, 0% used [0x00000000d5580000,0x00000000d5580000,0x00000000d5c80000)
  from space 4096K, 91% used [0x00000000d6100000,0x00000000d64aa760,0x00000000d6500000)
  to   space 4096K, 0% used [0x00000000d5d00000,0x00000000d5d00000,0x00000000d6100000)
 ParOldGen       total 528896K, used 189755K [0x0000000080000000, 0x00000000a0480000, 0x00000000d5580000)
  object space 528896K, 35% used [0x0000000080000000,0x000000008b94ecf8,0x00000000a0480000)
 Metaspace       used 84852K, committed 86464K, reserved 1179648K
  class space    used 8596K, committed 9344K, reserved 1048576K
}
Event: 753.814 GC heap before
{Heap before GC invocations=920 (full 5):
 PSYoungGen      total 11264K, used 10921K [0x00000000d5580000, 0x00000000d6500000, 0x0000000100000000)
  eden space 7168K, 100% used [0x00000000d5580000,0x00000000d5c80000,0x00000000d5c80000)
  from space 4096K, 91% used [0x00000000d6100000,0x00000000d64aa760,0x00000000d6500000)
  to   space 4096K, 0% used [0x00000000d5d00000,0x00000000d5d00000,0x00000000d6100000)
 ParOldGen       total 528896K, used 189755K [0x0000000080000000, 0x00000000a0480000, 0x00000000d5580000)
  object space 528896K, 35% used [0x0000000080000000,0x000000008b94ecf8,0x00000000a0480000)
 Metaspace       used 84863K, committed 86464K, reserved 1179648K
  class space    used 8596K, committed 9344K, reserved 1048576K
}
Event: 753.830 GC heap after
{Heap after GC invocations=920 (full 5):
 PSYoungGen      total 8704K, used 1474K [0x00000000d5580000, 0x00000000d6180000, 0x0000000100000000)
  eden space 7168K, 0% used [0x00000000d5580000,0x00000000d5580000,0x00000000d5c80000)
  from space 1536K, 95% used [0x00000000d5d00000,0x00000000d5e70830,0x00000000d5e80000)
  to   space 2560K, 0% used [0x00000000d5f00000,0x00000000d5f00000,0x00000000d6180000)
 ParOldGen       total 528896K, used 192331K [0x0000000080000000, 0x00000000a0480000, 0x00000000d5580000)
  object space 528896K, 36% used [0x0000000080000000,0x000000008bbd2cf8,0x00000000a0480000)
 Metaspace       used 84863K, committed 86464K, reserved 1179648K
  class space    used 8596K, committed 9344K, reserved 1048576K
}

